<?xml version="1.0" encoding="UTF-8"?>
<testsuite xmlns:xsi="http://www.w3.org/2001/XMLSchema-instance" xsi:noNamespaceSchemaLocation="https://maven.apache.org/surefire/maven-surefire-plugin/xsd/surefire-test-report-3.0.xsd" version="3.0" name="letscode.gdx.server.StarterApplicationTests" time="2.385" tests="1" errors="0" skipped="0" failures="0">
  <properties>
[...]
</properties>
  <testcase name="contextLoads" classname="letscode.gdx.server.StarterApplicationTests" time="0.642">
    <system-out><![CDATA[12:22:31.175 [main] INFO org.springframework.test.context.support.AnnotationConfigContextLoaderUtils -- Could not detect default configuration classes for test class [letscode.gdx.server.StarterApplicationTests]: StarterApplicationTests does not declare any static, non-private, non-final, nested classes annotated with @Configuration.
12:22:31.275 [main] INFO org.springframework.boot.test.context.SpringBootTestContextBootstrapper -- Found @SpringBootConfiguration letscode.gdx.server.StarterApplication for test class letscode.gdx.server.StarterApplicationTests

  .   ____          _            __ _ _
 /\\ / ___'_ __ _ _(_)_ __  __ _ \ \ \ \
( ( )\___ | '_ | '_| | '_ \/ _` | \ \ \ \
 \\/  ___)| |_)| | | | | || (_| |  ) ) ) )
  '  |____| .__|_| |_|_| |_\__, | / / / /
 =========|_|==============|___/=/_/_/_/
 :: Spring Boot ::                (v3.2.0)

2023-12-18T12:22:31.614+03:00  INFO 16536 --- [           main] l.gdx.server.StarterApplicationTests     : Starting StarterApplicationTests using Java 17.0.9 with PID 16536 (started by Angelina in C:\Users\Angelina\Documents\АНЖЕЛИКА\Копии\server)
2023-12-18T12:22:31.615+03:00  INFO 16536 --- [           main] l.gdx.server.StarterApplicationTests     : No active profile set, falling back to 1 default profile: "default"
2023-12-18T12:22:32.749+03:00  INFO 16536 --- [           main] l.gdx.server.StarterApplicationTests     : Started StarterApplicationTests in 1.333 seconds (process running for 6.841)
]]></system-out>
  </testcase>
</testsuite>